<?xml version="1.0" encoding="UTF-8"?>
<!-- Generated by org.testng.reporters.JUnitReportReporter -->
<testsuite hostname="DESKTOP-MP58OJN" failures="0" tests="1" name="com.mystore.testcases.LoginPageTest" time="16.271" errors="0" timestamp="18 Mar 2024 10:05:18 GMT" skipped="0">
  <testcase classname="com.mystore.testcases.LoginPageTest" name="loginTest" time="16.271"/>
</testsuite> <!-- com.mystore.testcases.LoginPageTest -->
