<?xml version="1.0" encoding="UTF-8"?>
<!-- Generated by org.testng.reporters.JUnitReportReporter -->
<testsuite hostname="DESKTOP-MP58OJN" failures="0" tests="1" name="com.mystore.testcases.HomePageTest" time="5.639" errors="0" timestamp="18 Mar 2024 10:09:08 GMT" skipped="0">
  <testcase classname="com.mystore.testcases.HomePageTest" name="orderHistoryandDetailsTest" time="5.639"/>
</testsuite> <!-- com.mystore.testcases.HomePageTest -->
