<?xml version="1.0" encoding="UTF-8"?>
<!-- Generated by org.testng.reporters.JUnitReportReporter -->
<testsuite hostname="DESKTOP-MP58OJN" failures="0" tests="1" name="com.mystore.testcases.SearchResultPageTest" time="4.696" errors="0" timestamp="18 Mar 2024 10:32:30 GMT" skipped="0">
  <testcase classname="com.mystore.testcases.SearchResultPageTest" name="productAvailabilityTest" time="4.696"/>
</testsuite> <!-- com.mystore.testcases.SearchResultPageTest -->
