<?xml version="1.0" encoding="UTF-8"?>
<!-- Generated by org.testng.reporters.JUnitReportReporter -->
<testsuite hostname="DESKTOP-MP58OJN" failures="0" tests="1" name="com.mystore.testcases.IndexPageTest" time="0.012" errors="0" timestamp="18 Mar 2024 09:45:50 GMT" skipped="0">
  <testcase classname="com.mystore.testcases.IndexPageTest" name="verifyTitle" time="0.012"/>
</testsuite> <!-- com.mystore.testcases.IndexPageTest -->
