<?xml version="1.0" encoding="UTF-8"?>
<!-- Generated by org.testng.reporters.JUnitReportReporter -->
<testsuite hostname="DESKTOP-MP58OJN" failures="0" tests="1" name="com.mystore.testcases.AccountCreationPageTest" time="3.824" errors="0" timestamp="18 Mar 2024 10:19:42 GMT" skipped="0">
  <testcase classname="com.mystore.testcases.AccountCreationPageTest" name="createAccountPageTest" time="3.824"/>
</testsuite> <!-- com.mystore.testcases.AccountCreationPageTest -->
